<?xml version="1.0" encoding="UTF-8"?>
<coverage generated="1782311285192" clover="3.2.0">
  <project timestamp="1782311285192" name="All files">
    <metrics statements="92" coveredstatements="56" conditionals="82" coveredconditionals="31" methods="17" coveredmethods="9" elements="191" coveredelements="96" complexity="0" loc="92" ncloc="92" packages="1" files="2" classes="2"/>
    <file name="admin-service.js" path="C:\Users\pacst\Documents\coding\sap-order-mgt-system\srv\admin-service.js">
      <metrics statements="67" coveredstatements="32" conditionals="66" coveredconditionals="20" methods="13" coveredmethods="5"/>
      <line num="1" count="3" type="stmt"/>
      <line num="3" count="6" type="stmt"/>
      <line num="5" count="6" type="stmt"/>
      <line num="6" count="6" type="cond" truecount="3" falsecount="1"/>
      <line num="7" count="6" type="stmt"/>
      <line num="9" count="6" type="cond" truecount="4" falsecount="0"/>
      <line num="10" count="5" type="stmt"/>
      <line num="12" count="1" type="cond" truecount="1" falsecount="1"/>
      <line num="13" count="1" type="stmt"/>
      <line num="14" count="5" type="cond" truecount="2" falsecount="0"/>
      <line num="17" count="1" type="cond" truecount="1" falsecount="1"/>
      <line num="18" count="1" type="stmt"/>
      <line num="23" count="6" type="stmt"/>
      <line num="24" count="0" type="cond" truecount="0" falsecount="4"/>
      <line num="25" count="0" type="stmt"/>
      <line num="27" count="0" type="cond" truecount="0" falsecount="4"/>
      <line num="29" count="0" type="cond" truecount="0" falsecount="2"/>
      <line num="30" count="0" type="stmt"/>
      <line num="31" count="0" type="cond" truecount="0" falsecount="2"/>
      <line num="34" count="0" type="cond" truecount="0" falsecount="2"/>
      <line num="35" count="0" type="stmt"/>
      <line num="40" count="6" type="stmt"/>
      <line num="41" count="0" type="cond" truecount="0" falsecount="4"/>
      <line num="43" count="0" type="cond" truecount="0" falsecount="2"/>
      <line num="44" count="0" type="stmt"/>
      <line num="45" count="0" type="cond" truecount="0" falsecount="2"/>
      <line num="46" count="0" type="stmt"/>
      <line num="48" count="0" type="stmt"/>
      <line num="53" count="6" type="stmt"/>
      <line num="54" count="5" type="cond" truecount="4" falsecount="0"/>
      <line num="56" count="1" type="cond" truecount="1" falsecount="1"/>
      <line num="57" count="1" type="stmt"/>
      <line num="59" count="10" type="cond" truecount="1" falsecount="1"/>
      <line num="60" count="10" type="cond" truecount="1" falsecount="1"/>
      <line num="61" count="10" type="stmt"/>
      <line num="63" count="10" type="stmt"/>
      <line num="65" count="10" type="cond" truecount="2" falsecount="0"/>
      <line num="66" count="8" type="stmt"/>
      <line num="67" count="8" type="stmt"/>
      <line num="68" count="16" type="stmt"/>
      <line num="71" count="8" type="stmt"/>
      <line num="73" count="8" type="stmt"/>
      <line num="75" count="2" type="stmt"/>
      <line num="76" count="2" type="stmt"/>
      <line num="81" count="6" type="stmt"/>
      <line num="82" count="0" type="cond" truecount="0" falsecount="2"/>
      <line num="84" count="0" type="cond" truecount="0" falsecount="2"/>
      <line num="86" count="0" type="stmt"/>
      <line num="88" count="0" type="stmt"/>
      <line num="99" count="0" type="stmt"/>
      <line num="110" count="0" type="stmt"/>
      <line num="121" count="0" type="stmt"/>
      <line num="122" count="0" type="cond" truecount="0" falsecount="2"/>
      <line num="125" count="0" type="stmt"/>
      <line num="126" count="0" type="stmt"/>
      <line num="129" count="0" type="stmt"/>
      <line num="130" count="0" type="stmt"/>
      <line num="139" count="0" type="stmt"/>
      <line num="140" count="0" type="stmt"/>
      <line num="141" count="0" type="cond" truecount="0" falsecount="2"/>
      <line num="142" count="0" type="cond" truecount="0" falsecount="2"/>
      <line num="144" count="0" type="stmt"/>
      <line num="145" count="0" type="stmt"/>
      <line num="146" count="0" type="cond" truecount="0" falsecount="2"/>
      <line num="147" count="0" type="cond" truecount="0" falsecount="2"/>
      <line num="148" count="0" type="cond" truecount="0" falsecount="2"/>
      <line num="152" count="6" type="stmt"/>
    </file>
    <file name="customer-service.js" path="C:\Users\pacst\Documents\coding\sap-order-mgt-system\srv\customer-service.js">
      <metrics statements="25" coveredstatements="24" conditionals="16" coveredconditionals="11" methods="4" coveredmethods="4"/>
      <line num="1" count="3" type="stmt"/>
      <line num="2" count="3" type="stmt"/>
      <line num="3" count="3" type="stmt"/>
      <line num="5" count="3" type="stmt"/>
      <line num="7" count="6" type="stmt"/>
      <line num="9" count="6" type="stmt"/>
      <line num="10" count="2" type="stmt"/>
      <line num="12" count="2" type="cond" truecount="3" falsecount="1"/>
      <line num="14" count="2" type="stmt"/>
      <line num="15" count="4" type="stmt"/>
      <line num="18" count="2" type="cond" truecount="1" falsecount="1"/>
      <line num="20" count="2" type="stmt"/>
      <line num="21" count="2" type="stmt"/>
      <line num="25" count="2" type="stmt"/>
      <line num="26" count="4" type="stmt"/>
      <line num="29" count="2" type="stmt"/>
      <line num="30" count="3" type="stmt"/>
      <line num="32" count="3" type="cond" truecount="1" falsecount="1"/>
      <line num="33" count="0" type="stmt"/>
      <line num="36" count="3" type="cond" truecount="3" falsecount="1"/>
      <line num="37" count="1" type="stmt"/>
      <line num="43" count="2" type="cond" truecount="3" falsecount="1"/>
      <line num="44" count="2" type="stmt"/>
      <line num="48" count="1" type="stmt"/>
      <line num="51" count="6" type="stmt"/>
    </file>
  </project>
</coverage>
