<?xml version="1.0" encoding="UTF-8"?>
<coverage generated="1781711143367" clover="3.2.0">
  <project timestamp="1781711143367" name="All files">
    <metrics statements="54" coveredstatements="53" conditionals="42" coveredconditionals="31" methods="9" coveredmethods="9" elements="105" coveredelements="93" complexity="0" loc="54" ncloc="54" packages="1" files="2" classes="2"/>
    <file name="admin-service.js" path="C:\Users\pacst\Documents\coding\sap-order-mgt-system\srv\admin-service.js">
      <metrics statements="29" coveredstatements="29" conditionals="26" coveredconditionals="20" methods="5" coveredmethods="5"/>
      <line num="1" count="3" type="stmt"/>
      <line num="3" count="6" type="stmt"/>
      <line num="5" count="6" type="stmt"/>
      <line num="6" count="6" type="cond" truecount="3" falsecount="1"/>
      <line num="7" count="6" type="stmt"/>
      <line num="9" count="6" type="cond" truecount="4" falsecount="0"/>
      <line num="10" count="5" type="stmt"/>
      <line num="12" count="1" type="cond" truecount="1" falsecount="1"/>
      <line num="13" count="1" type="stmt"/>
      <line num="14" count="5" type="cond" truecount="2" falsecount="0"/>
      <line num="17" count="1" type="cond" truecount="1" falsecount="1"/>
      <line num="18" count="1" type="stmt"/>
      <line num="23" count="6" type="stmt"/>
      <line num="24" count="5" type="cond" truecount="4" falsecount="0"/>
      <line num="26" count="1" type="cond" truecount="1" falsecount="1"/>
      <line num="27" count="1" type="stmt"/>
      <line num="29" count="10" type="cond" truecount="1" falsecount="1"/>
      <line num="30" count="10" type="cond" truecount="1" falsecount="1"/>
      <line num="31" count="10" type="stmt"/>
      <line num="33" count="10" type="stmt"/>
      <line num="35" count="10" type="cond" truecount="2" falsecount="0"/>
      <line num="36" count="8" type="stmt"/>
      <line num="37" count="8" type="stmt"/>
      <line num="38" count="16" type="stmt"/>
      <line num="41" count="8" type="stmt"/>
      <line num="43" count="8" type="stmt"/>
      <line num="45" count="2" type="stmt"/>
      <line num="46" count="2" type="stmt"/>
      <line num="51" count="6" type="stmt"/>
    </file>
    <file name="customer-service.js" path="C:\Users\pacst\Documents\coding\sap-order-mgt-system\srv\customer-service.js">
      <metrics statements="25" coveredstatements="24" conditionals="16" coveredconditionals="11" methods="4" coveredmethods="4"/>
      <line num="1" count="3" type="stmt"/>
      <line num="2" count="3" type="stmt"/>
      <line num="3" count="3" type="stmt"/>
      <line num="5" count="3" type="stmt"/>
      <line num="7" count="6" type="stmt"/>
      <line num="9" count="6" type="stmt"/>
      <line num="10" count="2" type="stmt"/>
      <line num="12" count="2" type="cond" truecount="3" falsecount="1"/>
      <line num="14" count="2" type="stmt"/>
      <line num="15" count="4" type="stmt"/>
      <line num="18" count="2" type="cond" truecount="1" falsecount="1"/>
      <line num="20" count="2" type="stmt"/>
      <line num="21" count="2" type="stmt"/>
      <line num="25" count="2" type="stmt"/>
      <line num="26" count="4" type="stmt"/>
      <line num="29" count="2" type="stmt"/>
      <line num="30" count="3" type="stmt"/>
      <line num="32" count="3" type="cond" truecount="1" falsecount="1"/>
      <line num="33" count="0" type="stmt"/>
      <line num="36" count="3" type="cond" truecount="3" falsecount="1"/>
      <line num="37" count="1" type="stmt"/>
      <line num="43" count="2" type="cond" truecount="3" falsecount="1"/>
      <line num="44" count="2" type="stmt"/>
      <line num="48" count="1" type="stmt"/>
      <line num="51" count="6" type="stmt"/>
    </file>
  </project>
</coverage>
