{"C:\\Users\\pacst\\Documents\\coding\\sap-order-mgt-system\\srv\\admin-service.js": {"path":"C:\\Users\\pacst\\Documents\\coding\\sap-order-mgt-system\\srv\\admin-service.js","statementMap":{"0":{"start":{"line":1,"column":0},"end":{"line":53,"column":1}},"1":{"start":{"line":3,"column":24},"end":{"line":3,"column":37}},"2":{"start":{"line":5,"column":4},"end":{"line":21,"column":6}},"3":{"start":{"line":6,"column":6},"end":{"line":20,"column":7}},"4":{"start":{"line":7,"column":22},"end":{"line":7,"column":38}},"5":{"start":{"line":9,"column":8},"end":{"line":10,"column":16}},"6":{"start":{"line":10,"column":10},"end":{"line":10,"column":16}},"7":{"start":{"line":12,"column":8},"end":{"line":12,"column":49}},"8":{"start":{"line":12,"column":28},"end":{"line":12,"column":49}},"9":{"start":{"line":13,"column":27},"end":{"line":15,"column":9}},"10":{"start":{"line":14,"column":17},"end":{"line":14,"column":52}},"11":{"start":{"line":17,"column":8},"end":{"line":19,"column":9}},"12":{"start":{"line":18,"column":10},"end":{"line":18,"column":65}},"13":{"start":{"line":23,"column":4},"end":{"line":49,"column":6}},"14":{"start":{"line":24,"column":6},"end":{"line":24,"column":80}},"15":{"start":{"line":24,"column":74},"end":{"line":24,"column":80}},"16":{"start":{"line":26,"column":23},"end":{"line":26,"column":58}},"17":{"start":{"line":27,"column":6},"end":{"line":48,"column":7}},"18":{"start":{"line":29,"column":8},"end":{"line":31,"column":41}},"19":{"start":{"line":29,"column":33},"end":{"line":29,"column":61}},"20":{"start":{"line":30,"column":13},"end":{"line":31,"column":41}},"21":{"start":{"line":30,"column":38},"end":{"line":30,"column":66}},"22":{"start":{"line":31,"column":13},"end":{"line":31,"column":41}},"23":{"start":{"line":33,"column":31},"end":{"line":33,"column":46}},"24":{"start":{"line":35,"column":8},"end":{"line":47,"column":9}},"25":{"start":{"line":36,"column":10},"end":{"line":36,"column":53}},"26":{"start":{"line":37,"column":35},"end":{"line":40,"column":11}},"27":{"start":{"line":38,"column":29},"end":{"line":38,"column":48}},"28":{"start":{"line":41,"column":26},"end":{"line":41,"column":66}},"29":{"start":{"line":43,"column":10},"end":{"line":43,"column":63}},"30":{"start":{"line":45,"column":10},"end":{"line":45,"column":33}},"31":{"start":{"line":46,"column":10},"end":{"line":46,"column":35}},"32":{"start":{"line":51,"column":4},"end":{"line":51,"column":23}}},"fnMap":{"0":{"name":"(anonymous_0)","decl":{"start":{"line":2,"column":2},"end":{"line":2,"column":3}},"loc":{"start":{"line":2,"column":16},"end":{"line":52,"column":3}},"line":2},"1":{"name":"(anonymous_1)","decl":{"start":{"line":5,"column":24},"end":{"line":5,"column":25}},"loc":{"start":{"line":5,"column":31},"end":{"line":21,"column":5}},"line":5},"2":{"name":"(anonymous_2)","decl":{"start":{"line":14,"column":10},"end":{"line":14,"column":11}},"loc":{"start":{"line":14,"column":17},"end":{"line":14,"column":52}},"line":14},"3":{"name":"(anonymous_3)","decl":{"start":{"line":23,"column":35},"end":{"line":23,"column":36}},"loc":{"start":{"line":23,"column":56},"end":{"line":49,"column":5}},"line":23},"4":{"name":"(anonymous_4)","decl":{"start":{"line":38,"column":12},"end":{"line":38,"column":13}},"loc":{"start":{"line":38,"column":29},"end":{"line":38,"column":48}},"line":38}},"branchMap":{"0":{"loc":{"start":{"line":6,"column":6},"end":{"line":20,"column":7}},"type":"if","locations":[{"start":{"line":6,"column":6},"end":{"line":20,"column":7}},{"start":{},"end":{}}],"line":6},"1":{"loc":{"start":{"line":6,"column":10},"end":{"line":6,"column":39}},"type":"binary-expr","locations":[{"start":{"line":6,"column":10},"end":{"line":6,"column":19}},{"start":{"line":6,"column":23},"end":{"line":6,"column":39}}],"line":6},"2":{"loc":{"start":{"line":9,"column":8},"end":{"line":10,"column":16}},"type":"if","locations":[{"start":{"line":9,"column":8},"end":{"line":10,"column":16}},{"start":{},"end":{}}],"line":9},"3":{"loc":{"start":{"line":9,"column":12},"end":{"line":9,"column":74}},"type":"binary-expr","locations":[{"start":{"line":9,"column":12},"end":{"line":9,"column":22}},{"start":{"line":9,"column":26},"end":{"line":9,"column":74}}],"line":9},"4":{"loc":{"start":{"line":12,"column":8},"end":{"line":12,"column":49}},"type":"if","locations":[{"start":{"line":12,"column":8},"end":{"line":12,"column":49}},{"start":{},"end":{}}],"line":12},"5":{"loc":{"start":{"line":14,"column":17},"end":{"line":14,"column":52}},"type":"binary-expr","locations":[{"start":{"line":14,"column":17},"end":{"line":14,"column":24}},{"start":{"line":14,"column":28},"end":{"line":14,"column":52}}],"line":14},"6":{"loc":{"start":{"line":17,"column":8},"end":{"line":19,"column":9}},"type":"if","locations":[{"start":{"line":17,"column":8},"end":{"line":19,"column":9}},{"start":{},"end":{}}],"line":17},"7":{"loc":{"start":{"line":24,"column":6},"end":{"line":24,"column":80}},"type":"if","locations":[{"start":{"line":24,"column":6},"end":{"line":24,"column":80}},{"start":{},"end":{}}],"line":24},"8":{"loc":{"start":{"line":24,"column":10},"end":{"line":24,"column":72}},"type":"binary-expr","locations":[{"start":{"line":24,"column":10},"end":{"line":24,"column":20}},{"start":{"line":24,"column":24},"end":{"line":24,"column":72}}],"line":24},"9":{"loc":{"start":{"line":26,"column":23},"end":{"line":26,"column":58}},"type":"cond-expr","locations":[{"start":{"line":26,"column":45},"end":{"line":26,"column":49}},{"start":{"line":26,"column":52},"end":{"line":26,"column":58}}],"line":26},"10":{"loc":{"start":{"line":29,"column":8},"end":{"line":31,"column":41}},"type":"if","locations":[{"start":{"line":29,"column":8},"end":{"line":31,"column":41}},{"start":{"line":30,"column":13},"end":{"line":31,"column":41}}],"line":29},"11":{"loc":{"start":{"line":30,"column":13},"end":{"line":31,"column":41}},"type":"if","locations":[{"start":{"line":30,"column":13},"end":{"line":31,"column":41}},{"start":{"line":31,"column":13},"end":{"line":31,"column":41}}],"line":30},"12":{"loc":{"start":{"line":35,"column":8},"end":{"line":47,"column":9}},"type":"if","locations":[{"start":{"line":35,"column":8},"end":{"line":47,"column":9}},{"start":{"line":44,"column":15},"end":{"line":47,"column":9}}],"line":35}},"s":{"0":3,"1":6,"2":6,"3":6,"4":6,"5":6,"6":5,"7":1,"8":0,"9":1,"10":5,"11":1,"12":1,"13":6,"14":5,"15":4,"16":1,"17":1,"18":10,"19":0,"20":10,"21":0,"22":10,"23":10,"24":10,"25":8,"26":8,"27":16,"28":8,"29":8,"30":2,"31":2,"32":6},"f":{"0":6,"1":6,"2":5,"3":5,"4":16},"b":{"0":[6,0],"1":[6,6],"2":[5,1],"3":[6,6],"4":[0,1],"5":[5,5],"6":[1,0],"7":[4,1],"8":[5,5],"9":[1,0],"10":[0,10],"11":[0,10],"12":[8,2]},"_coverageSchema":"1a1c01bbd47fc00a2c39e90264f33305004495a9","hash":"5b97e90f3b4c0f38ead7de4822639c2676fc0217"}
,"C:\\Users\\pacst\\Documents\\coding\\sap-order-mgt-system\\srv\\customer-service.js": {"path":"C:\\Users\\pacst\\Documents\\coding\\sap-order-mgt-system\\srv\\customer-service.js","statementMap":{"0":{"start":{"line":1,"column":12},"end":{"line":1,"column":31}},"1":{"start":{"line":2,"column":19},"end":{"line":2,"column":52}},"2":{"start":{"line":3,"column":19},"end":{"line":3,"column":25}},"3":{"start":{"line":5,"column":0},"end":{"line":53,"column":1}},"4":{"start":{"line":7,"column":33},"end":{"line":7,"column":46}},"5":{"start":{"line":9,"column":4},"end":{"line":49,"column":6}},"6":{"start":{"line":10,"column":20},"end":{"line":10,"column":28}},"7":{"start":{"line":12,"column":6},"end":{"line":12,"column":73}},"8":{"start":{"line":12,"column":67},"end":{"line":12,"column":73}},"9":{"start":{"line":14,"column":31},"end":{"line":16,"column":24}},"10":{"start":{"line":15,"column":21},"end":{"line":15,"column":36}},"11":{"start":{"line":18,"column":6},"end":{"line":18,"column":47}},"12":{"start":{"line":18,"column":41},"end":{"line":18,"column":47}},"13":{"start":{"line":20,"column":26},"end":{"line":20,"column":27}},"14":{"start":{"line":21,"column":31},"end":{"line":23,"column":48}},"15":{"start":{"line":25,"column":27},"end":{"line":27,"column":7}},"16":{"start":{"line":26,"column":37},"end":{"line":26,"column":52}},"17":{"start":{"line":29,"column":6},"end":{"line":46,"column":7}},"18":{"start":{"line":30,"column":23},"end":{"line":30,"column":52}},"19":{"start":{"line":32,"column":8},"end":{"line":34,"column":9}},"20":{"start":{"line":33,"column":10},"end":{"line":33,"column":76}},"21":{"start":{"line":36,"column":8},"end":{"line":41,"column":9}},"22":{"start":{"line":37,"column":10},"end":{"line":40,"column":11}},"23":{"start":{"line":43,"column":8},"end":{"line":45,"column":9}},"24":{"start":{"line":44,"column":10},"end":{"line":44,"column":58}},"25":{"start":{"line":48,"column":6},"end":{"line":48,"column":49}},"26":{"start":{"line":51,"column":4},"end":{"line":51,"column":23}}},"fnMap":{"0":{"name":"(anonymous_0)","decl":{"start":{"line":6,"column":2},"end":{"line":6,"column":3}},"loc":{"start":{"line":6,"column":16},"end":{"line":52,"column":3}},"line":6},"1":{"name":"(anonymous_1)","decl":{"start":{"line":9,"column":45},"end":{"line":9,"column":46}},"loc":{"start":{"line":9,"column":58},"end":{"line":49,"column":5}},"line":9},"2":{"name":"(anonymous_2)","decl":{"start":{"line":15,"column":13},"end":{"line":15,"column":14}},"loc":{"start":{"line":15,"column":21},"end":{"line":15,"column":36}},"line":15},"3":{"name":"(anonymous_3)","decl":{"start":{"line":26,"column":29},"end":{"line":26,"column":30}},"loc":{"start":{"line":26,"column":37},"end":{"line":26,"column":52}},"line":26}},"branchMap":{"0":{"loc":{"start":{"line":12,"column":6},"end":{"line":12,"column":73}},"type":"if","locations":[{"start":{"line":12,"column":6},"end":{"line":12,"column":73}},{"start":{},"end":{}}],"line":12},"1":{"loc":{"start":{"line":12,"column":10},"end":{"line":12,"column":65}},"type":"binary-expr","locations":[{"start":{"line":12,"column":10},"end":{"line":12,"column":37}},{"start":{"line":12,"column":41},"end":{"line":12,"column":65}}],"line":12},"2":{"loc":{"start":{"line":18,"column":6},"end":{"line":18,"column":47}},"type":"if","locations":[{"start":{"line":18,"column":6},"end":{"line":18,"column":47}},{"start":{},"end":{}}],"line":18},"3":{"loc":{"start":{"line":32,"column":8},"end":{"line":34,"column":9}},"type":"if","locations":[{"start":{"line":32,"column":8},"end":{"line":34,"column":9}},{"start":{},"end":{}}],"line":32},"4":{"loc":{"start":{"line":36,"column":8},"end":{"line":41,"column":9}},"type":"if","locations":[{"start":{"line":36,"column":8},"end":{"line":41,"column":9}},{"start":{},"end":{}}],"line":36},"5":{"loc":{"start":{"line":36,"column":28},"end":{"line":36,"column":46}},"type":"binary-expr","locations":[{"start":{"line":36,"column":28},"end":{"line":36,"column":41}},{"start":{"line":36,"column":45},"end":{"line":36,"column":46}}],"line":36},"6":{"loc":{"start":{"line":43,"column":8},"end":{"line":45,"column":9}},"type":"if","locations":[{"start":{"line":43,"column":8},"end":{"line":45,"column":9}},{"start":{},"end":{}}],"line":43},"7":{"loc":{"start":{"line":43,"column":12},"end":{"line":43,"column":44}},"type":"binary-expr","locations":[{"start":{"line":43,"column":12},"end":{"line":43,"column":25}},{"start":{"line":43,"column":29},"end":{"line":43,"column":44}}],"line":43}},"s":{"0":3,"1":3,"2":3,"3":3,"4":6,"5":6,"6":2,"7":2,"8":0,"9":2,"10":4,"11":2,"12":0,"13":2,"14":2,"15":2,"16":4,"17":2,"18":3,"19":3,"20":0,"21":3,"22":1,"23":2,"24":2,"25":1,"26":6},"f":{"0":6,"1":2,"2":4,"3":4},"b":{"0":[0,2],"1":[2,2],"2":[0,2],"3":[0,3],"4":[1,2],"5":[3,0],"6":[2,0],"7":[2,2]},"_coverageSchema":"1a1c01bbd47fc00a2c39e90264f33305004495a9","hash":"bf60006e7447f7ba7ac519f0d12b0c5ece810316"}
}
