{"C:\\Users\\pacst\\Documents\\coding\\sap-order-mgt-system\\srv\\admin-service.js": {"path":"C:\\Users\\pacst\\Documents\\coding\\sap-order-mgt-system\\srv\\admin-service.js","statementMap":{"0":{"start":{"line":1,"column":0},"end":{"line":154,"column":1}},"1":{"start":{"line":3,"column":30},"end":{"line":3,"column":43}},"2":{"start":{"line":5,"column":4},"end":{"line":21,"column":6}},"3":{"start":{"line":6,"column":6},"end":{"line":20,"column":7}},"4":{"start":{"line":7,"column":22},"end":{"line":7,"column":38}},"5":{"start":{"line":9,"column":8},"end":{"line":10,"column":16}},"6":{"start":{"line":10,"column":10},"end":{"line":10,"column":16}},"7":{"start":{"line":12,"column":8},"end":{"line":12,"column":49}},"8":{"start":{"line":12,"column":28},"end":{"line":12,"column":49}},"9":{"start":{"line":13,"column":27},"end":{"line":15,"column":9}},"10":{"start":{"line":14,"column":17},"end":{"line":14,"column":52}},"11":{"start":{"line":17,"column":8},"end":{"line":19,"column":9}},"12":{"start":{"line":18,"column":10},"end":{"line":18,"column":65}},"13":{"start":{"line":23,"column":4},"end":{"line":38,"column":6}},"14":{"start":{"line":24,"column":6},"end":{"line":37,"column":7}},"15":{"start":{"line":25,"column":22},"end":{"line":25,"column":38}},"16":{"start":{"line":27,"column":8},"end":{"line":27,"column":80}},"17":{"start":{"line":27,"column":74},"end":{"line":27,"column":80}},"18":{"start":{"line":29,"column":8},"end":{"line":29,"column":49}},"19":{"start":{"line":29,"column":28},"end":{"line":29,"column":49}},"20":{"start":{"line":30,"column":25},"end":{"line":32,"column":9}},"21":{"start":{"line":31,"column":17},"end":{"line":31,"column":50}},"22":{"start":{"line":34,"column":8},"end":{"line":36,"column":9}},"23":{"start":{"line":35,"column":10},"end":{"line":35,"column":63}},"24":{"start":{"line":40,"column":4},"end":{"line":51,"column":6}},"25":{"start":{"line":41,"column":6},"end":{"line":41,"column":78}},"26":{"start":{"line":41,"column":72},"end":{"line":41,"column":78}},"27":{"start":{"line":43,"column":21},"end":{"line":43,"column":56}},"28":{"start":{"line":44,"column":6},"end":{"line":50,"column":7}},"29":{"start":{"line":45,"column":8},"end":{"line":49,"column":9}},"30":{"start":{"line":46,"column":10},"end":{"line":46,"column":47}},"31":{"start":{"line":48,"column":10},"end":{"line":48,"column":30}},"32":{"start":{"line":53,"column":4},"end":{"line":79,"column":6}},"33":{"start":{"line":54,"column":6},"end":{"line":54,"column":80}},"34":{"start":{"line":54,"column":74},"end":{"line":54,"column":80}},"35":{"start":{"line":56,"column":23},"end":{"line":56,"column":58}},"36":{"start":{"line":57,"column":6},"end":{"line":78,"column":7}},"37":{"start":{"line":59,"column":8},"end":{"line":61,"column":41}},"38":{"start":{"line":59,"column":33},"end":{"line":59,"column":61}},"39":{"start":{"line":60,"column":13},"end":{"line":61,"column":41}},"40":{"start":{"line":60,"column":38},"end":{"line":60,"column":66}},"41":{"start":{"line":61,"column":13},"end":{"line":61,"column":41}},"42":{"start":{"line":63,"column":31},"end":{"line":63,"column":46}},"43":{"start":{"line":65,"column":8},"end":{"line":77,"column":9}},"44":{"start":{"line":66,"column":10},"end":{"line":66,"column":53}},"45":{"start":{"line":67,"column":35},"end":{"line":70,"column":11}},"46":{"start":{"line":68,"column":29},"end":{"line":68,"column":56}},"47":{"start":{"line":71,"column":26},"end":{"line":71,"column":66}},"48":{"start":{"line":73,"column":10},"end":{"line":73,"column":63}},"49":{"start":{"line":75,"column":10},"end":{"line":75,"column":33}},"50":{"start":{"line":76,"column":10},"end":{"line":76,"column":35}},"51":{"start":{"line":81,"column":4},"end":{"line":150,"column":6}},"52":{"start":{"line":82,"column":20},"end":{"line":82,"column":67}},"53":{"start":{"line":84,"column":6},"end":{"line":84,"column":36}},"54":{"start":{"line":84,"column":30},"end":{"line":84,"column":36}},"55":{"start":{"line":86,"column":22},"end":{"line":86,"column":42}},"56":{"start":{"line":86,"column":37},"end":{"line":86,"column":41}},"57":{"start":{"line":88,"column":27},"end":{"line":97,"column":7}},"58":{"start":{"line":99,"column":28},"end":{"line":108,"column":7}},"59":{"start":{"line":110,"column":26},"end":{"line":119,"column":7}},"60":{"start":{"line":121,"column":24},"end":{"line":123,"column":7}},"61":{"start":{"line":122,"column":30},"end":{"line":122,"column":79}},"62":{"start":{"line":125,"column":30},"end":{"line":127,"column":7}},"63":{"start":{"line":126,"column":31},"end":{"line":126,"column":77}},"64":{"start":{"line":129,"column":23},"end":{"line":137,"column":7}},"65":{"start":{"line":130,"column":29},"end":{"line":136,"column":9}},"66":{"start":{"line":139,"column":6},"end":{"line":149,"column":7}},"67":{"start":{"line":140,"column":28},"end":{"line":140,"column":50}},"68":{"start":{"line":141,"column":8},"end":{"line":141,"column":61}},"69":{"start":{"line":142,"column":8},"end":{"line":142,"column":72}},"70":{"start":{"line":144,"column":30},"end":{"line":144,"column":58}},"71":{"start":{"line":145,"column":27},"end":{"line":145,"column":48}},"72":{"start":{"line":146,"column":8},"end":{"line":146,"column":58}},"73":{"start":{"line":147,"column":8},"end":{"line":147,"column":69}},"74":{"start":{"line":148,"column":8},"end":{"line":148,"column":68}},"75":{"start":{"line":152,"column":4},"end":{"line":152,"column":23}}},"fnMap":{"0":{"name":"(anonymous_0)","decl":{"start":{"line":2,"column":2},"end":{"line":2,"column":3}},"loc":{"start":{"line":2,"column":16},"end":{"line":153,"column":3}},"line":2},"1":{"name":"(anonymous_1)","decl":{"start":{"line":5,"column":24},"end":{"line":5,"column":25}},"loc":{"start":{"line":5,"column":31},"end":{"line":21,"column":5}},"line":5},"2":{"name":"(anonymous_2)","decl":{"start":{"line":14,"column":10},"end":{"line":14,"column":11}},"loc":{"start":{"line":14,"column":17},"end":{"line":14,"column":52}},"line":14},"3":{"name":"(anonymous_3)","decl":{"start":{"line":23,"column":34},"end":{"line":23,"column":35}},"loc":{"start":{"line":23,"column":41},"end":{"line":38,"column":5}},"line":23},"4":{"name":"(anonymous_4)","decl":{"start":{"line":31,"column":10},"end":{"line":31,"column":11}},"loc":{"start":{"line":31,"column":17},"end":{"line":31,"column":50}},"line":31},"5":{"name":"(anonymous_5)","decl":{"start":{"line":40,"column":33},"end":{"line":40,"column":34}},"loc":{"start":{"line":40,"column":48},"end":{"line":51,"column":5}},"line":40},"6":{"name":"(anonymous_6)","decl":{"start":{"line":53,"column":35},"end":{"line":53,"column":36}},"loc":{"start":{"line":53,"column":56},"end":{"line":79,"column":5}},"line":53},"7":{"name":"(anonymous_7)","decl":{"start":{"line":68,"column":12},"end":{"line":68,"column":13}},"loc":{"start":{"line":68,"column":29},"end":{"line":68,"column":56}},"line":68},"8":{"name":"(anonymous_8)","decl":{"start":{"line":81,"column":29},"end":{"line":81,"column":30}},"loc":{"start":{"line":81,"column":54},"end":{"line":150,"column":5}},"line":81},"9":{"name":"(anonymous_9)","decl":{"start":{"line":86,"column":32},"end":{"line":86,"column":33}},"loc":{"start":{"line":86,"column":37},"end":{"line":86,"column":41}},"line":86},"10":{"name":"(anonymous_10)","decl":{"start":{"line":122,"column":25},"end":{"line":122,"column":26}},"loc":{"start":{"line":122,"column":30},"end":{"line":122,"column":79}},"line":122},"11":{"name":"(anonymous_11)","decl":{"start":{"line":126,"column":26},"end":{"line":126,"column":27}},"loc":{"start":{"line":126,"column":31},"end":{"line":126,"column":77}},"line":126},"12":{"name":"(anonymous_12)","decl":{"start":{"line":130,"column":24},"end":{"line":130,"column":25}},"loc":{"start":{"line":130,"column":29},"end":{"line":136,"column":9}},"line":130}},"branchMap":{"0":{"loc":{"start":{"line":6,"column":6},"end":{"line":20,"column":7}},"type":"if","locations":[{"start":{"line":6,"column":6},"end":{"line":20,"column":7}},{"start":{},"end":{}}],"line":6},"1":{"loc":{"start":{"line":6,"column":10},"end":{"line":6,"column":39}},"type":"binary-expr","locations":[{"start":{"line":6,"column":10},"end":{"line":6,"column":19}},{"start":{"line":6,"column":23},"end":{"line":6,"column":39}}],"line":6},"2":{"loc":{"start":{"line":9,"column":8},"end":{"line":10,"column":16}},"type":"if","locations":[{"start":{"line":9,"column":8},"end":{"line":10,"column":16}},{"start":{},"end":{}}],"line":9},"3":{"loc":{"start":{"line":9,"column":12},"end":{"line":9,"column":74}},"type":"binary-expr","locations":[{"start":{"line":9,"column":12},"end":{"line":9,"column":22}},{"start":{"line":9,"column":26},"end":{"line":9,"column":74}}],"line":9},"4":{"loc":{"start":{"line":12,"column":8},"end":{"line":12,"column":49}},"type":"if","locations":[{"start":{"line":12,"column":8},"end":{"line":12,"column":49}},{"start":{},"end":{}}],"line":12},"5":{"loc":{"start":{"line":14,"column":17},"end":{"line":14,"column":52}},"type":"binary-expr","locations":[{"start":{"line":14,"column":17},"end":{"line":14,"column":24}},{"start":{"line":14,"column":28},"end":{"line":14,"column":52}}],"line":14},"6":{"loc":{"start":{"line":17,"column":8},"end":{"line":19,"column":9}},"type":"if","locations":[{"start":{"line":17,"column":8},"end":{"line":19,"column":9}},{"start":{},"end":{}}],"line":17},"7":{"loc":{"start":{"line":24,"column":6},"end":{"line":37,"column":7}},"type":"if","locations":[{"start":{"line":24,"column":6},"end":{"line":37,"column":7}},{"start":{},"end":{}}],"line":24},"8":{"loc":{"start":{"line":24,"column":10},"end":{"line":24,"column":39}},"type":"binary-expr","locations":[{"start":{"line":24,"column":10},"end":{"line":24,"column":19}},{"start":{"line":24,"column":23},"end":{"line":24,"column":39}}],"line":24},"9":{"loc":{"start":{"line":27,"column":8},"end":{"line":27,"column":80}},"type":"if","locations":[{"start":{"line":27,"column":8},"end":{"line":27,"column":80}},{"start":{},"end":{}}],"line":27},"10":{"loc":{"start":{"line":27,"column":12},"end":{"line":27,"column":72}},"type":"binary-expr","locations":[{"start":{"line":27,"column":12},"end":{"line":27,"column":22}},{"start":{"line":27,"column":26},"end":{"line":27,"column":72}}],"line":27},"11":{"loc":{"start":{"line":29,"column":8},"end":{"line":29,"column":49}},"type":"if","locations":[{"start":{"line":29,"column":8},"end":{"line":29,"column":49}},{"start":{},"end":{}}],"line":29},"12":{"loc":{"start":{"line":31,"column":17},"end":{"line":31,"column":50}},"type":"binary-expr","locations":[{"start":{"line":31,"column":17},"end":{"line":31,"column":24}},{"start":{"line":31,"column":28},"end":{"line":31,"column":50}}],"line":31},"13":{"loc":{"start":{"line":34,"column":8},"end":{"line":36,"column":9}},"type":"if","locations":[{"start":{"line":34,"column":8},"end":{"line":36,"column":9}},{"start":{},"end":{}}],"line":34},"14":{"loc":{"start":{"line":41,"column":6},"end":{"line":41,"column":78}},"type":"if","locations":[{"start":{"line":41,"column":6},"end":{"line":41,"column":78}},{"start":{},"end":{}}],"line":41},"15":{"loc":{"start":{"line":41,"column":10},"end":{"line":41,"column":70}},"type":"binary-expr","locations":[{"start":{"line":41,"column":10},"end":{"line":41,"column":20}},{"start":{"line":41,"column":24},"end":{"line":41,"column":70}}],"line":41},"16":{"loc":{"start":{"line":43,"column":21},"end":{"line":43,"column":56}},"type":"cond-expr","locations":[{"start":{"line":43,"column":43},"end":{"line":43,"column":47}},{"start":{"line":43,"column":50},"end":{"line":43,"column":56}}],"line":43},"17":{"loc":{"start":{"line":45,"column":8},"end":{"line":49,"column":9}},"type":"if","locations":[{"start":{"line":45,"column":8},"end":{"line":49,"column":9}},{"start":{"line":47,"column":15},"end":{"line":49,"column":9}}],"line":45},"18":{"loc":{"start":{"line":54,"column":6},"end":{"line":54,"column":80}},"type":"if","locations":[{"start":{"line":54,"column":6},"end":{"line":54,"column":80}},{"start":{},"end":{}}],"line":54},"19":{"loc":{"start":{"line":54,"column":10},"end":{"line":54,"column":72}},"type":"binary-expr","locations":[{"start":{"line":54,"column":10},"end":{"line":54,"column":20}},{"start":{"line":54,"column":24},"end":{"line":54,"column":72}}],"line":54},"20":{"loc":{"start":{"line":56,"column":23},"end":{"line":56,"column":58}},"type":"cond-expr","locations":[{"start":{"line":56,"column":45},"end":{"line":56,"column":49}},{"start":{"line":56,"column":52},"end":{"line":56,"column":58}}],"line":56},"21":{"loc":{"start":{"line":59,"column":8},"end":{"line":61,"column":41}},"type":"if","locations":[{"start":{"line":59,"column":8},"end":{"line":61,"column":41}},{"start":{"line":60,"column":13},"end":{"line":61,"column":41}}],"line":59},"22":{"loc":{"start":{"line":60,"column":13},"end":{"line":61,"column":41}},"type":"if","locations":[{"start":{"line":60,"column":13},"end":{"line":61,"column":41}},{"start":{"line":61,"column":13},"end":{"line":61,"column":41}}],"line":60},"23":{"loc":{"start":{"line":65,"column":8},"end":{"line":77,"column":9}},"type":"if","locations":[{"start":{"line":65,"column":8},"end":{"line":77,"column":9}},{"start":{"line":74,"column":15},"end":{"line":77,"column":9}}],"line":65},"24":{"loc":{"start":{"line":82,"column":20},"end":{"line":82,"column":67}},"type":"cond-expr","locations":[{"start":{"line":82,"column":46},"end":{"line":82,"column":54}},{"start":{"line":82,"column":57},"end":{"line":82,"column":67}}],"line":82},"25":{"loc":{"start":{"line":84,"column":6},"end":{"line":84,"column":36}},"type":"if","locations":[{"start":{"line":84,"column":6},"end":{"line":84,"column":36}},{"start":{},"end":{}}],"line":84},"26":{"loc":{"start":{"line":122,"column":63},"end":{"line":122,"column":76}},"type":"binary-expr","locations":[{"start":{"line":122,"column":63},"end":{"line":122,"column":71}},{"start":{"line":122,"column":75},"end":{"line":122,"column":76}}],"line":122},"27":{"loc":{"start":{"line":134,"column":22},"end":{"line":134,"column":62}},"type":"cond-expr","locations":[{"start":{"line":134,"column":34},"end":{"line":134,"column":58}},{"start":{"line":134,"column":61},"end":{"line":134,"column":62}}],"line":134},"28":{"loc":{"start":{"line":141,"column":28},"end":{"line":141,"column":61}},"type":"cond-expr","locations":[{"start":{"line":141,"column":42},"end":{"line":141,"column":57}},{"start":{"line":141,"column":60},"end":{"line":141,"column":61}}],"line":141},"29":{"loc":{"start":{"line":142,"column":25},"end":{"line":142,"column":72}},"type":"cond-expr","locations":[{"start":{"line":142,"column":39},"end":{"line":142,"column":68}},{"start":{"line":142,"column":71},"end":{"line":142,"column":72}}],"line":142},"30":{"loc":{"start":{"line":146,"column":27},"end":{"line":146,"column":58}},"type":"cond-expr","locations":[{"start":{"line":146,"column":40},"end":{"line":146,"column":54}},{"start":{"line":146,"column":57},"end":{"line":146,"column":58}}],"line":146},"31":{"loc":{"start":{"line":147,"column":28},"end":{"line":147,"column":69}},"type":"cond-expr","locations":[{"start":{"line":147,"column":44},"end":{"line":147,"column":65}},{"start":{"line":147,"column":68},"end":{"line":147,"column":69}}],"line":147},"32":{"loc":{"start":{"line":148,"column":32},"end":{"line":148,"column":68}},"type":"cond-expr","locations":[{"start":{"line":148,"column":45},"end":{"line":148,"column":64}},{"start":{"line":148,"column":67},"end":{"line":148,"column":68}}],"line":148}},"s":{"0":3,"1":6,"2":6,"3":6,"4":6,"5":6,"6":5,"7":1,"8":0,"9":1,"10":5,"11":1,"12":1,"13":6,"14":0,"15":0,"16":0,"17":0,"18":0,"19":0,"20":0,"21":0,"22":0,"23":0,"24":6,"25":0,"26":0,"27":0,"28":0,"29":0,"30":0,"31":0,"32":6,"33":5,"34":4,"35":1,"36":1,"37":10,"38":0,"39":10,"40":0,"41":10,"42":10,"43":10,"44":8,"45":8,"46":16,"47":8,"48":8,"49":2,"50":2,"51":6,"52":0,"53":0,"54":0,"55":0,"56":0,"57":0,"58":0,"59":0,"60":0,"61":0,"62":0,"63":0,"64":0,"65":0,"66":0,"67":0,"68":0,"69":0,"70":0,"71":0,"72":0,"73":0,"74":0,"75":6},"f":{"0":6,"1":6,"2":5,"3":0,"4":0,"5":0,"6":5,"7":16,"8":0,"9":0,"10":0,"11":0,"12":0},"b":{"0":[6,0],"1":[6,6],"2":[5,1],"3":[6,6],"4":[0,1],"5":[5,5],"6":[1,0],"7":[0,0],"8":[0,0],"9":[0,0],"10":[0,0],"11":[0,0],"12":[0,0],"13":[0,0],"14":[0,0],"15":[0,0],"16":[0,0],"17":[0,0],"18":[4,1],"19":[5,5],"20":[1,0],"21":[0,10],"22":[0,10],"23":[8,2],"24":[0,0],"25":[0,0],"26":[0,0],"27":[0,0],"28":[0,0],"29":[0,0],"30":[0,0],"31":[0,0],"32":[0,0]},"_coverageSchema":"1a1c01bbd47fc00a2c39e90264f33305004495a9","hash":"05c73c1f4c937492f0d9d37adf62cbd46b4799eb"}
,"C:\\Users\\pacst\\Documents\\coding\\sap-order-mgt-system\\srv\\customer-service.js": {"path":"C:\\Users\\pacst\\Documents\\coding\\sap-order-mgt-system\\srv\\customer-service.js","statementMap":{"0":{"start":{"line":1,"column":12},"end":{"line":1,"column":31}},"1":{"start":{"line":2,"column":19},"end":{"line":2,"column":52}},"2":{"start":{"line":3,"column":19},"end":{"line":3,"column":25}},"3":{"start":{"line":5,"column":0},"end":{"line":53,"column":1}},"4":{"start":{"line":7,"column":33},"end":{"line":7,"column":46}},"5":{"start":{"line":9,"column":4},"end":{"line":49,"column":6}},"6":{"start":{"line":10,"column":20},"end":{"line":10,"column":28}},"7":{"start":{"line":12,"column":6},"end":{"line":12,"column":73}},"8":{"start":{"line":12,"column":67},"end":{"line":12,"column":73}},"9":{"start":{"line":14,"column":31},"end":{"line":16,"column":24}},"10":{"start":{"line":15,"column":21},"end":{"line":15,"column":36}},"11":{"start":{"line":18,"column":6},"end":{"line":18,"column":47}},"12":{"start":{"line":18,"column":41},"end":{"line":18,"column":47}},"13":{"start":{"line":20,"column":26},"end":{"line":20,"column":27}},"14":{"start":{"line":21,"column":31},"end":{"line":23,"column":48}},"15":{"start":{"line":25,"column":27},"end":{"line":27,"column":7}},"16":{"start":{"line":26,"column":37},"end":{"line":26,"column":52}},"17":{"start":{"line":29,"column":6},"end":{"line":46,"column":7}},"18":{"start":{"line":30,"column":23},"end":{"line":30,"column":52}},"19":{"start":{"line":32,"column":8},"end":{"line":34,"column":9}},"20":{"start":{"line":33,"column":10},"end":{"line":33,"column":76}},"21":{"start":{"line":36,"column":8},"end":{"line":41,"column":9}},"22":{"start":{"line":37,"column":10},"end":{"line":40,"column":11}},"23":{"start":{"line":43,"column":8},"end":{"line":45,"column":9}},"24":{"start":{"line":44,"column":10},"end":{"line":44,"column":58}},"25":{"start":{"line":48,"column":6},"end":{"line":48,"column":49}},"26":{"start":{"line":51,"column":4},"end":{"line":51,"column":23}}},"fnMap":{"0":{"name":"(anonymous_0)","decl":{"start":{"line":6,"column":2},"end":{"line":6,"column":3}},"loc":{"start":{"line":6,"column":16},"end":{"line":52,"column":3}},"line":6},"1":{"name":"(anonymous_1)","decl":{"start":{"line":9,"column":45},"end":{"line":9,"column":46}},"loc":{"start":{"line":9,"column":58},"end":{"line":49,"column":5}},"line":9},"2":{"name":"(anonymous_2)","decl":{"start":{"line":15,"column":13},"end":{"line":15,"column":14}},"loc":{"start":{"line":15,"column":21},"end":{"line":15,"column":36}},"line":15},"3":{"name":"(anonymous_3)","decl":{"start":{"line":26,"column":29},"end":{"line":26,"column":30}},"loc":{"start":{"line":26,"column":37},"end":{"line":26,"column":52}},"line":26}},"branchMap":{"0":{"loc":{"start":{"line":12,"column":6},"end":{"line":12,"column":73}},"type":"if","locations":[{"start":{"line":12,"column":6},"end":{"line":12,"column":73}},{"start":{},"end":{}}],"line":12},"1":{"loc":{"start":{"line":12,"column":10},"end":{"line":12,"column":65}},"type":"binary-expr","locations":[{"start":{"line":12,"column":10},"end":{"line":12,"column":37}},{"start":{"line":12,"column":41},"end":{"line":12,"column":65}}],"line":12},"2":{"loc":{"start":{"line":18,"column":6},"end":{"line":18,"column":47}},"type":"if","locations":[{"start":{"line":18,"column":6},"end":{"line":18,"column":47}},{"start":{},"end":{}}],"line":18},"3":{"loc":{"start":{"line":32,"column":8},"end":{"line":34,"column":9}},"type":"if","locations":[{"start":{"line":32,"column":8},"end":{"line":34,"column":9}},{"start":{},"end":{}}],"line":32},"4":{"loc":{"start":{"line":36,"column":8},"end":{"line":41,"column":9}},"type":"if","locations":[{"start":{"line":36,"column":8},"end":{"line":41,"column":9}},{"start":{},"end":{}}],"line":36},"5":{"loc":{"start":{"line":36,"column":28},"end":{"line":36,"column":46}},"type":"binary-expr","locations":[{"start":{"line":36,"column":28},"end":{"line":36,"column":41}},{"start":{"line":36,"column":45},"end":{"line":36,"column":46}}],"line":36},"6":{"loc":{"start":{"line":43,"column":8},"end":{"line":45,"column":9}},"type":"if","locations":[{"start":{"line":43,"column":8},"end":{"line":45,"column":9}},{"start":{},"end":{}}],"line":43},"7":{"loc":{"start":{"line":43,"column":12},"end":{"line":43,"column":44}},"type":"binary-expr","locations":[{"start":{"line":43,"column":12},"end":{"line":43,"column":25}},{"start":{"line":43,"column":29},"end":{"line":43,"column":44}}],"line":43}},"s":{"0":3,"1":3,"2":3,"3":3,"4":6,"5":6,"6":2,"7":2,"8":0,"9":2,"10":4,"11":2,"12":0,"13":2,"14":2,"15":2,"16":4,"17":2,"18":3,"19":3,"20":0,"21":3,"22":1,"23":2,"24":2,"25":1,"26":6},"f":{"0":6,"1":2,"2":4,"3":4},"b":{"0":[0,2],"1":[2,2],"2":[0,2],"3":[0,3],"4":[1,2],"5":[3,0],"6":[2,0],"7":[2,2]},"_coverageSchema":"1a1c01bbd47fc00a2c39e90264f33305004495a9","hash":"bf60006e7447f7ba7ac519f0d12b0c5ece810316"}
}
