TN:
SF:srv\admin-service.js
FN:2,(anonymous_0)
FN:5,(anonymous_1)
FN:14,(anonymous_2)
FN:23,(anonymous_3)
FN:38,(anonymous_4)
FNF:5
FNH:5
FNDA:6,(anonymous_0)
FNDA:6,(anonymous_1)
FNDA:5,(anonymous_2)
FNDA:5,(anonymous_3)
FNDA:16,(anonymous_4)
DA:1,3
DA:3,6
DA:5,6
DA:6,6
DA:7,6
DA:9,6
DA:10,5
DA:12,1
DA:13,1
DA:14,5
DA:17,1
DA:18,1
DA:23,6
DA:24,5
DA:26,1
DA:27,1
DA:29,10
DA:30,10
DA:31,10
DA:33,10
DA:35,10
DA:36,8
DA:37,8
DA:38,16
DA:41,8
DA:43,8
DA:45,2
DA:46,2
DA:51,6
LF:29
LH:29
BRDA:6,0,0,6
BRDA:6,0,1,0
BRDA:6,1,0,6
BRDA:6,1,1,6
BRDA:9,2,0,5
BRDA:9,2,1,1
BRDA:9,3,0,6
BRDA:9,3,1,6
BRDA:12,4,0,0
BRDA:12,4,1,1
BRDA:14,5,0,5
BRDA:14,5,1,5
BRDA:17,6,0,1
BRDA:17,6,1,0
BRDA:24,7,0,4
BRDA:24,7,1,1
BRDA:24,8,0,5
BRDA:24,8,1,5
BRDA:26,9,0,1
BRDA:26,9,1,0
BRDA:29,10,0,0
BRDA:29,10,1,10
BRDA:30,11,0,0
BRDA:30,11,1,10
BRDA:35,12,0,8
BRDA:35,12,1,2
BRF:26
BRH:20
end_of_record
TN:
SF:srv\customer-service.js
FN:6,(anonymous_0)
FN:9,(anonymous_1)
FN:15,(anonymous_2)
FN:26,(anonymous_3)
FNF:4
FNH:4
FNDA:6,(anonymous_0)
FNDA:2,(anonymous_1)
FNDA:4,(anonymous_2)
FNDA:4,(anonymous_3)
DA:1,3
DA:2,3
DA:3,3
DA:5,3
DA:7,6
DA:9,6
DA:10,2
DA:12,2
DA:14,2
DA:15,4
DA:18,2
DA:20,2
DA:21,2
DA:25,2
DA:26,4
DA:29,2
DA:30,3
DA:32,3
DA:33,0
DA:36,3
DA:37,1
DA:43,2
DA:44,2
DA:48,1
DA:51,6
LF:25
LH:24
BRDA:12,0,0,0
BRDA:12,0,1,2
BRDA:12,1,0,2
BRDA:12,1,1,2
BRDA:18,2,0,0
BRDA:18,2,1,2
BRDA:32,3,0,0
BRDA:32,3,1,3
BRDA:36,4,0,1
BRDA:36,4,1,2
BRDA:36,5,0,3
BRDA:36,5,1,0
BRDA:43,6,0,2
BRDA:43,6,1,0
BRDA:43,7,0,2
BRDA:43,7,1,2
BRF:16
BRH:11
end_of_record
