TN:
SF:srv\admin-service.js
FN:2,(anonymous_0)
FN:5,(anonymous_1)
FN:14,(anonymous_2)
FN:23,(anonymous_3)
FN:31,(anonymous_4)
FN:40,(anonymous_5)
FN:53,(anonymous_6)
FN:68,(anonymous_7)
FN:81,(anonymous_8)
FN:86,(anonymous_9)
FN:122,(anonymous_10)
FN:126,(anonymous_11)
FN:130,(anonymous_12)
FNF:13
FNH:5
FNDA:6,(anonymous_0)
FNDA:6,(anonymous_1)
FNDA:5,(anonymous_2)
FNDA:0,(anonymous_3)
FNDA:0,(anonymous_4)
FNDA:0,(anonymous_5)
FNDA:5,(anonymous_6)
FNDA:16,(anonymous_7)
FNDA:0,(anonymous_8)
FNDA:0,(anonymous_9)
FNDA:0,(anonymous_10)
FNDA:0,(anonymous_11)
FNDA:0,(anonymous_12)
DA:1,3
DA:3,6
DA:5,6
DA:6,6
DA:7,6
DA:9,6
DA:10,5
DA:12,1
DA:13,1
DA:14,5
DA:17,1
DA:18,1
DA:23,6
DA:24,0
DA:25,0
DA:27,0
DA:29,0
DA:30,0
DA:31,0
DA:34,0
DA:35,0
DA:40,6
DA:41,0
DA:43,0
DA:44,0
DA:45,0
DA:46,0
DA:48,0
DA:53,6
DA:54,5
DA:56,1
DA:57,1
DA:59,10
DA:60,10
DA:61,10
DA:63,10
DA:65,10
DA:66,8
DA:67,8
DA:68,16
DA:71,8
DA:73,8
DA:75,2
DA:76,2
DA:81,6
DA:82,0
DA:84,0
DA:86,0
DA:88,0
DA:99,0
DA:110,0
DA:121,0
DA:122,0
DA:125,0
DA:126,0
DA:129,0
DA:130,0
DA:139,0
DA:140,0
DA:141,0
DA:142,0
DA:144,0
DA:145,0
DA:146,0
DA:147,0
DA:148,0
DA:152,6
LF:67
LH:32
BRDA:6,0,0,6
BRDA:6,0,1,0
BRDA:6,1,0,6
BRDA:6,1,1,6
BRDA:9,2,0,5
BRDA:9,2,1,1
BRDA:9,3,0,6
BRDA:9,3,1,6
BRDA:12,4,0,0
BRDA:12,4,1,1
BRDA:14,5,0,5
BRDA:14,5,1,5
BRDA:17,6,0,1
BRDA:17,6,1,0
BRDA:24,7,0,0
BRDA:24,7,1,0
BRDA:24,8,0,0
BRDA:24,8,1,0
BRDA:27,9,0,0
BRDA:27,9,1,0
BRDA:27,10,0,0
BRDA:27,10,1,0
BRDA:29,11,0,0
BRDA:29,11,1,0
BRDA:31,12,0,0
BRDA:31,12,1,0
BRDA:34,13,0,0
BRDA:34,13,1,0
BRDA:41,14,0,0
BRDA:41,14,1,0
BRDA:41,15,0,0
BRDA:41,15,1,0
BRDA:43,16,0,0
BRDA:43,16,1,0
BRDA:45,17,0,0
BRDA:45,17,1,0
BRDA:54,18,0,4
BRDA:54,18,1,1
BRDA:54,19,0,5
BRDA:54,19,1,5
BRDA:56,20,0,1
BRDA:56,20,1,0
BRDA:59,21,0,0
BRDA:59,21,1,10
BRDA:60,22,0,0
BRDA:60,22,1,10
BRDA:65,23,0,8
BRDA:65,23,1,2
BRDA:82,24,0,0
BRDA:82,24,1,0
BRDA:84,25,0,0
BRDA:84,25,1,0
BRDA:122,26,0,0
BRDA:122,26,1,0
BRDA:134,27,0,0
BRDA:134,27,1,0
BRDA:141,28,0,0
BRDA:141,28,1,0
BRDA:142,29,0,0
BRDA:142,29,1,0
BRDA:146,30,0,0
BRDA:146,30,1,0
BRDA:147,31,0,0
BRDA:147,31,1,0
BRDA:148,32,0,0
BRDA:148,32,1,0
BRF:66
BRH:20
end_of_record
TN:
SF:srv\customer-service.js
FN:6,(anonymous_0)
FN:9,(anonymous_1)
FN:15,(anonymous_2)
FN:26,(anonymous_3)
FNF:4
FNH:4
FNDA:6,(anonymous_0)
FNDA:2,(anonymous_1)
FNDA:4,(anonymous_2)
FNDA:4,(anonymous_3)
DA:1,3
DA:2,3
DA:3,3
DA:5,3
DA:7,6
DA:9,6
DA:10,2
DA:12,2
DA:14,2
DA:15,4
DA:18,2
DA:20,2
DA:21,2
DA:25,2
DA:26,4
DA:29,2
DA:30,3
DA:32,3
DA:33,0
DA:36,3
DA:37,1
DA:43,2
DA:44,2
DA:48,1
DA:51,6
LF:25
LH:24
BRDA:12,0,0,0
BRDA:12,0,1,2
BRDA:12,1,0,2
BRDA:12,1,1,2
BRDA:18,2,0,0
BRDA:18,2,1,2
BRDA:32,3,0,0
BRDA:32,3,1,3
BRDA:36,4,0,1
BRDA:36,4,1,2
BRDA:36,5,0,3
BRDA:36,5,1,0
BRDA:43,6,0,2
BRDA:43,6,1,0
BRDA:43,7,0,2
BRDA:43,7,1,2
BRF:16
BRH:11
end_of_record
